#
# There is insufficient memory for the Java Runtime Environment to continue.
# Native memory allocation (mmap) failed to map 201326592 bytes for G1 virtual space
# Possible reasons:
#   The system is out of physical RAM or swap space
#   The process is running with CompressedOops enabled, and the Java Heap may be blocking the growth of the native heap
# Possible solutions:
#   Reduce memory load on the system
#   Increase physical memory or swap space
#   Check if swap backing store is full
#   Decrease Java heap size (-Xmx/-Xms)
#   Decrease number of Java threads
#   Decrease Java thread stack sizes (-Xss)
#   Set larger code cache with -XX:ReservedCodeCacheSize=
#   JVM is running with Zero Based Compressed Oops mode in which the Java heap is
#     placed in the first 32GB address space. The Java Heap base address is the
#     maximum limit for the native heap growth. Please use -XX:HeapBaseMinAddress
#     to set the Java Heap base and to place the Java Heap above 32GB virtual address.
# This output file may be truncated or incomplete.
#
#  Out of Memory Error (os_windows.cpp:3557), pid=14120, tid=10580
#
# JRE version:  (17.0.6+10) (build )
# Java VM: OpenJDK 64-Bit Server VM (17.0.6+10, mixed mode, sharing, tiered, compressed oops, compressed class ptrs, g1 gc, windows-amd64)
# No core dump will be written. Minidumps are not enabled by default on client versions of Windows
#

---------------  S U M M A R Y ------------

Command Line: -javaagent:C:\Users\Rasti fitness\AppData\Local\JetBrains\Toolbox\apps\IDEA-U\ch-0\233.13135.103\lib\idea_rt.jar=61082:C:\Users\Rasti fitness\AppData\Local\JetBrains\Toolbox\apps\IDEA-U\ch-0\233.13135.103\bin -Dfile.encoding=UTF-8 com.cli.Main

Host: Intel(R) Core(TM) i7-7700HQ CPU @ 2.80GHz, 8 cores, 11G,  Windows 10 , 64 bit Build 19041 (10.0.19041.3636)
Time: Sat Jan 20 16:47:10 2024 Arabic Standard Time elapsed time: 0.054130 seconds (0d 0h 0m 0s)

---------------  T H R E A D  ---------------

Current thread (0x00000181cbfb6880):  JavaThread "Unknown thread" [_thread_in_vm, id=10580, stack(0x0000002cdc800000,0x0000002cdc900000)]

Stack: [0x0000002cdc800000,0x0000002cdc900000]
Native frames: (J=compiled Java code, j=interpreted, Vv=VM code, C=native code)
V  [jvm.dll+0x67741a]
V  [jvm.dll+0x834434]
V  [jvm.dll+0x835bde]
V  [jvm.dll+0x836243]
V  [jvm.dll+0x2457b5]
V  [jvm.dll+0x674329]
V  [jvm.dll+0x6689da]
V  [jvm.dll+0x30489b]
V  [jvm.dll+0x30bd96]
V  [jvm.dll+0x35b57e]
V  [jvm.dll+0x35b7af]
V  [jvm.dll+0x2db778]
V  [jvm.dll+0x2dc6e4]
V  [jvm.dll+0x806131]
V  [jvm.dll+0x369331]
V  [jvm.dll+0x7e56ac]
V  [jvm.dll+0x3eb35f]
V  [jvm.dll+0x3ecea1]
C  [jli.dll+0x5267]
C  [ucrtbase.dll+0x21bb2]
C  [KERNEL32.DLL+0x17344]
C  [ntdll.dll+0x526b1]


---------------  P R O C E S S  ---------------

Threads class SMR info:
_java_thread_list=0x00007ffbdb285fd8, length=0, elements={
}

Java Threads: ( => current thread )

Other Threads:
  0x00000181cc00d520 GCTaskThread "GC Thread#0" [stack: 0x0000002cdc900000,0x0000002cdca00000] [id=8932]
  0x00000181cc01a2a0 ConcurrentGCThread "G1 Main Marker" [stack: 0x0000002cdca00000,0x0000002cdcb00000] [id=11960]
  0x00000181cc01b450 ConcurrentGCThread "G1 Conc#0" [stack: 0x0000002cdcb00000,0x0000002cdcc00000] [id=8620]

[error occurred during error reporting (printing all threads), id 0xc0000005, EXCEPTION_ACCESS_VIOLATION (0xc0000005) at pc=0x00007ffbdaa5c1e7]

VM state: not at safepoint (not fully initialized)

VM Mutex/Monitor currently owned by a thread:  ([mutex/lock_event])
[0x00000181cbfb14c0] Heap_lock - owner thread: 0x00000181cbfb6880

Heap address: 0x0000000741c00000, size: 3044 MB, Compressed Oops mode: Zero based, Oop shift amount: 3

CDS archive(s) mapped at: [0x0000000000000000-0x0000000000000000-0x0000000000000000), size 0, SharedBaseAddress: 0x0000000800000000, ArchiveRelocationMode: 0.
Narrow klass base: 0x0000000000000000, Narrow klass shift: 0, Narrow klass range: 0x0

GC Precious Log:
<Empty>

Heap:
 garbage-first heap   total 0K, used 0K [0x0000000741c00000, 0x0000000800000000)
  region size 2048K, 0 young (0K), 0 survivors (0K)

[error occurred during error reporting (printing heap information), id 0xc0000005, EXCEPTION_ACCESS_VIOLATION (0xc0000005) at pc=0x00007ffbdae406f9]

GC Heap History (0 events):
No events

Dll operation events (1 events):
Event: 0.047 Loaded shared library C:\Users\Rasti fitness\.jdks\temurin-17.0.6\bin\java.dll

Deoptimization events (0 events):
No events

Classes unloaded (0 events):
No events

Classes redefined (0 events):
No events

Internal exceptions (0 events):
No events

VM Operations (0 events):
No events

Events (0 events):
No events


Dynamic libraries:
0x00007ff655f10000 - 0x00007ff655f1e000 	C:\Users\Rasti fitness\.jdks\temurin-17.0.6\bin\java.exe
0x00007ffc37bd0000 - 0x00007ffc37dc8000 	C:\WINDOWS\SYSTEM32\ntdll.dll
0x00007ffc37750000 - 0x00007ffc3780d000 	C:\WINDOWS\System32\KERNEL32.DLL
0x00007ffc352a0000 - 0x00007ffc35596000 	C:\WINDOWS\System32\KERNELBASE.dll
0x00007ffc35900000 - 0x00007ffc35a00000 	C:\WINDOWS\System32\ucrtbase.dll
0x00007ffc2d220000 - 0x00007ffc2d237000 	C:\Users\Rasti fitness\.jdks\temurin-17.0.6\bin\jli.dll
0x00007ffc304d0000 - 0x00007ffc304e9000 	C:\Users\Rasti fitness\.jdks\temurin-17.0.6\bin\VCRUNTIME140.dll
0x00007ffc35c20000 - 0x00007ffc35dbe000 	C:\WINDOWS\System32\USER32.dll
0x00007ffc35a00000 - 0x00007ffc35a22000 	C:\WINDOWS\System32\win32u.dll
0x00007ffc1f700000 - 0x00007ffc1f99a000 	C:\WINDOWS\WinSxS\amd64_microsoft.windows.common-controls_6595b64144ccf1df_6.0.19041.3636_none_60b6a03d71f818d5\COMCTL32.dll
0x00007ffc36d50000 - 0x00007ffc36d7c000 	C:\WINDOWS\System32\GDI32.dll
0x00007ffc355a0000 - 0x00007ffc356ba000 	C:\WINDOWS\System32\gdi32full.dll
0x00007ffc379d0000 - 0x00007ffc37a6e000 	C:\WINDOWS\System32\msvcrt.dll
0x00007ffc357c0000 - 0x00007ffc3585d000 	C:\WINDOWS\System32\msvcp_win.dll
0x00007ffc37a70000 - 0x00007ffc37aa0000 	C:\WINDOWS\System32\IMM32.DLL
0x00007ffc2fd80000 - 0x00007ffc2fd8c000 	C:\Users\Rasti fitness\.jdks\temurin-17.0.6\bin\vcruntime140_1.dll
0x00007ffc2cad0000 - 0x00007ffc2cb61000 	C:\Users\Rasti fitness\.jdks\temurin-17.0.6\bin\msvcp140.dll
0x00007ffbda770000 - 0x00007ffbdb3b7000 	C:\Users\Rasti fitness\.jdks\temurin-17.0.6\bin\server\jvm.dll
0x00007ffc37610000 - 0x00007ffc376c3000 	C:\WINDOWS\System32\ADVAPI32.dll
0x00007ffc36ed0000 - 0x00007ffc36f6f000 	C:\WINDOWS\System32\sechost.dll
0x00007ffc35e70000 - 0x00007ffc35f96000 	C:\WINDOWS\System32\RPCRT4.dll
0x00007ffc358d0000 - 0x00007ffc358f7000 	C:\WINDOWS\System32\bcrypt.dll
0x00007ffc1e410000 - 0x00007ffc1e419000 	C:\WINDOWS\SYSTEM32\WSOCK32.dll
0x00007ffc2bf90000 - 0x00007ffc2bf9a000 	C:\WINDOWS\SYSTEM32\VERSION.dll
0x00007ffc1fc50000 - 0x00007ffc1fc77000 	C:\WINDOWS\SYSTEM32\WINMM.dll
0x00007ffc37950000 - 0x00007ffc379bb000 	C:\WINDOWS\System32\WS2_32.dll
0x00007ffc33aa0000 - 0x00007ffc33ab2000 	C:\WINDOWS\SYSTEM32\kernel.appcore.dll
0x00007ffc2d210000 - 0x00007ffc2d21a000 	C:\Users\Rasti fitness\.jdks\temurin-17.0.6\bin\jimage.dll
0x00007ffc33770000 - 0x00007ffc33954000 	C:\WINDOWS\SYSTEM32\DBGHELP.DLL
0x00007ffc076f0000 - 0x00007ffc07724000 	C:\WINDOWS\SYSTEM32\dbgcore.DLL
0x00007ffc35b90000 - 0x00007ffc35c12000 	C:\WINDOWS\System32\bcryptPrimitives.dll
0x00007ffc2d1d0000 - 0x00007ffc2d1de000 	C:\Users\Rasti fitness\.jdks\temurin-17.0.6\bin\instrument.dll
0x00007ffc2d1e0000 - 0x00007ffc2d205000 	C:\Users\Rasti fitness\.jdks\temurin-17.0.6\bin\java.dll

dbghelp: loaded successfully - version: 4.0.5 - missing functions: none
symbol engine: initialized successfully - sym options: 0x614 - pdb path: .;C:\Users\Rasti fitness\.jdks\temurin-17.0.6\bin;C:\WINDOWS\SYSTEM32;C:\WINDOWS\WinSxS\amd64_microsoft.windows.common-controls_6595b64144ccf1df_6.0.19041.3636_none_60b6a03d71f818d5;C:\Users\Rasti fitness\.jdks\temurin-17.0.6\bin\server

VM Arguments:
jvm_args: -javaagent:C:\Users\Rasti fitness\AppData\Local\JetBrains\Toolbox\apps\IDEA-U\ch-0\233.13135.103\lib\idea_rt.jar=61082:C:\Users\Rasti fitness\AppData\Local\JetBrains\Toolbox\apps\IDEA-U\ch-0\233.13135.103\bin -Dfile.encoding=UTF-8 
java_command: com.cli.Main
java_class_path (initial): D:\Users\Rasti fitness\Desktop\Capstone Project\out\production\Capstone Project
Launcher Type: SUN_STANDARD

[Global flags]
     intx CICompilerCount                          = 4                                         {product} {ergonomic}
     uint ConcGCThreads                            = 2                                         {product} {ergonomic}
     uint G1ConcRefinementThreads                  = 8                                         {product} {ergonomic}
   size_t G1HeapRegionSize                         = 2097152                                   {product} {ergonomic}
    uintx GCDrainStackTargetSize                   = 64                                        {product} {ergonomic}
   size_t InitialHeapSize                          = 201326592                                 {product} {ergonomic}
   size_t MarkStackSize                            = 4194304                                   {product} {ergonomic}
   size_t MaxHeapSize                              = 3191865344                                {product} {ergonomic}
   size_t MinHeapDeltaBytes                        = 2097152                                   {product} {ergonomic}
   size_t MinHeapSize                              = 8388608                                   {product} {ergonomic}
    uintx NonNMethodCodeHeapSize                   = 5839372                                {pd product} {ergonomic}
    uintx NonProfiledCodeHeapSize                  = 122909434                              {pd product} {ergonomic}
    uintx ProfiledCodeHeapSize                     = 122909434                              {pd product} {ergonomic}
    uintx ReservedCodeCacheSize                    = 251658240                              {pd product} {ergonomic}
     bool SegmentedCodeCache                       = true                                      {product} {ergonomic}
   size_t SoftMaxHeapSize                          = 3191865344                             {manageable} {ergonomic}
     bool UseCompressedClassPointers               = true                           {product lp64_product} {ergonomic}
     bool UseCompressedOops                        = true                           {product lp64_product} {ergonomic}
     bool UseG1GC                                  = true                                      {product} {ergonomic}
     bool UseLargePagesIndividualAllocation        = false                                  {pd product} {ergonomic}

Logging:
Log output configuration:
 #0: stdout all=warning uptime,level,tags
 #1: stderr all=off uptime,level,tags

Environment Variables:
JAVA_HOME=C:\Program Files\Java\jdk-17.0.2
PATH=D:\OracleApp\WINDOWS.X64_193000_db_home\bin;C:\Users\Rasti fitness\AppData\Local\Programs\Python\Python310\Scripts\;C:\Users\Rasti fitness\AppData\Local\Programs\Python\Python310\;C:\Program Files\Common Files\Oracle\Java\javapath;C:\WINDOWS\system32;C:\WINDOWS;C:\WINDOWS\System32\Wbem;C:\WINDOWS\System32\WindowsPowerShell\v1.0\;C:\WINDOWS\System32\OpenSSH\;C:\Program Files\MATLAB\R2012b\runtime\win64;C:\Program Files\MATLAB\R2012b\bin;C:\Program Files\Java\jdk-16.0.2\bin;C:\Program Files\dotnet\;C:\ProgramData\chocolatey\bin;C:\Program Files\Git\cmd;C:\Program Files\PostgreSQL\14\bin;C:\Program Files (x86)\sqlite3;C:\Ruby31-x64\bin;C:\Program Files (x86)\Yarn\bin\;C:\Program Files\Java\jdk-17.0.2\bin;C:\Program Files\nodejs\;D:\Users\Rasti fitness\Desktop\mongosh-1.10.1-win32-x64\bin;C:\Program Files\Docker\Docker\resources\bin;D:\Rasti fitness\AppData\Roaming\Microsoft\Windows\Start Menu\Programs\Python 3.9;C:\Users\Rasti fitness\.cargo\bin;C:\Users\Rasti fitness\AppData\Local\Programs\Python\Python310\Scripts\;C:\Users\Rasti fitness\AppData\Local\Programs\Python\Python310\;D:\Anaconda\Anaconda2;D:\Anaconda\Anaconda2\Library\mingw-w64\bin;D:\Anaconda\Anaconda2\Library\usr\bin;D:\Anaconda\Anaconda2\Library\bin;D:\Anaconda\Anaconda2\Scripts;C:\Users\Rasti fitness\AppData\Local\Programs\Python\Python39\Scripts\;C:\Users\Rasti fitness\AppData\Local\Programs\Python\Python39\;C:\Users\Rasti fitness\AppData\Local\Microsoft\WindowsApps;D:\pycharm\PyCharm Community Edition 2020.2.3\bin;C:\Users\Rasti fitness\AppData\Local\JetBrains\IntelliJ IDEA 2021.1.1\bin;C:\Program Files\youtube.dl;C:\src\flutter\flutter\bin;C:\dart-sdk\bin;C:\Users\Rasti fitness\AppData\Local\Programs\Microsoft VS Code\bin;C:\Program Files\JetBrains\PyCharm Community Edition 2021.2.3\bin;C:\Users\Rasti fitness\AppData\Roaming\npm;C:\Users\Rasti fitness\go\bin;C:\Users\Rasti fitness\AppData\Local\gitkraken\bin;C:\Users\Rasti fitness\AppData\Local\JetBrains\Toolbox\scripts;C:\Users\Rasti fitness\AppDa
USERNAME=Rasti fitness
OS=Windows_NT
PROCESSOR_IDENTIFIER=Intel64 Family 6 Model 158 Stepping 9, GenuineIntel
TMP=C:\Users\RASTIF~1\AppData\Local\Temp
TEMP=C:\Users\RASTIF~1\AppData\Local\Temp



---------------  S Y S T E M  ---------------

OS:
 Windows 10 , 64 bit Build 19041 (10.0.19041.3636)
OS uptime: 0 days 19:14 hours
Hyper-V role detected

CPU: total 8 (initial active 8) (4 cores per cpu, 2 threads per core) family 6 model 158 stepping 9 microcode 0xde, cx8, cmov, fxsr, ht, mmx, 3dnowpref, sse, sse2, sse3, ssse3, sse4.1, sse4.2, popcnt, lzcnt, tsc, tscinvbit, avx, avx2, aes, erms, clmul, bmi1, bmi2, adx, fma, vzeroupper, clflush, clflushopt, hv

Memory: 4k page, system-wide physical 12173M (4680M free)
TotalPageFile size 14170M (AvailPageFile size 98M)
current process WorkingSet (physical memory assigned to process): 10M, peak: 10M
current process commit charge ("private bytes"): 60M, peak: 252M

vm_info: OpenJDK 64-Bit Server VM (17.0.6+10) for windows-amd64 JRE (17.0.6+10), built on Jan 18 2023 10:08:59 by "temurin" with MS VC++ 16.7 (VS2019)

END.
